# JRE version: OpenJDK Runtime Environment (8.0_242-b01) (build 1.8.0_242-release-1644-b01)
# Java VM: OpenJDK 64-Bit Server VM (25.242-b01 mixed mode windows-amd64 compressed oops)
Heap:
 PSYoungGen      total 223232K, used 45120K [0x00000000e0000000, 0x00000000ee880000, 0x0000000100000000)
  eden space 211456K, 15% used [0x00000000e0000000,0x00000000e20965c0,0x00000000ece80000)
  from space 11776K, 99% used [0x00000000ece80000,0x00000000ed9f9da0,0x00000000eda00000)
  to   space 12288K, 0% used [0x00000000eda00000,0x00000000eda00000,0x00000000ee600000)
 ParOldGen       total 87552K, used 16091K [0x00000000a0000000, 0x00000000a5580000, 0x00000000e0000000)
  object space 87552K, 18% used [0x00000000a0000000,0x00000000a0fb6cc8,0x00000000a5580000)
 Metaspace       used 46378K, capacity 47766K, committed 47920K, reserved 1091584K
  class space    used 6078K, capacity 6396K, committed 6448K, reserved 1048576K
GC Heap History (10 events):
Event: 6.862 GC heap before
{Heap before GC invocations=13 (full 2):
 PSYoungGen      total 147456K, used 451K [0x00000000e0000000, 0x00000000ecc00000, 0x0000000100000000)
  eden space 136192K, 0% used [0x00000000e0000000,0x00000000e0000000,0x00000000e8500000)
  from space 11264K, 4% used [0x00000000e8500000,0x00000000e8570e08,0x00000000e9000000)
  to   space 12288K, 0% used [0x00000000ec000000,0x00000000ec000000,0x00000000ecc00000)
 ParOldGen       total 60928K, used 16040K [0x00000000a0000000, 0x00000000a3b80000, 0x00000000e0000000)
  object space 60928K, 26% used [0x00000000a0000000,0x00000000a0faa248,0x00000000a3b80000)
 Metaspace       used 34608K, capacity 35438K, committed 35496K, reserved 1079296K
  class space    used 4591K, capacity 4867K, committed 4912K, reserved 1048576K
Event: 6.918 GC heap after
Heap after GC invocations=13 (full 2):
 PSYoungGen      total 147456K, used 0K [0x00000000e0000000, 0x00000000ecc00000, 0x0000000100000000)
  eden space 136192K, 0% used [0x00000000e0000000,0x00000000e0000000,0x00000000e8500000)
  from space 11264K, 0% used [0x00000000e8500000,0x00000000e8500000,0x00000000e9000000)
  to   space 12288K, 0% used [0x00000000ec000000,0x00000000ec000000,0x00000000ecc00000)
 ParOldGen       total 87552K, used 12674K [0x00000000a0000000, 0x00000000a5580000, 0x00000000e0000000)
  object space 87552K, 14% used [0x00000000a0000000,0x00000000a0c60b88,0x00000000a5580000)
 Metaspace       used 34596K, capacity 35426K, committed 35496K, reserved 1079296K
  class space    used 4587K, capacity 4863K, committed 4912K, reserved 1048576K
}
Event: 8.295 GC heap before
{Heap before GC invocations=14 (full 2):
 PSYoungGen      total 147456K, used 136192K [0x00000000e0000000, 0x00000000ecc00000, 0x0000000100000000)
  eden space 136192K, 100% used [0x00000000e0000000,0x00000000e8500000,0x00000000e8500000)
  from space 11264K, 0% used [0x00000000e8500000,0x00000000e8500000,0x00000000e9000000)
  to   space 12288K, 0% used [0x00000000ec000000,0x00000000ec000000,0x00000000ecc00000)
 ParOldGen       total 87552K, used 12674K [0x00000000a0000000, 0x00000000a5580000, 0x00000000e0000000)
  object space 87552K, 14% used [0x00000000a0000000,0x00000000a0c60b88,0x00000000a5580000)
 Metaspace       used 34935K, capacity 35858K, committed 36016K, reserved 1081344K
  class space    used 4622K, capacity 4915K, committed 5040K, reserved 1048576K
Event: 8.299 GC heap after
Heap after GC invocations=14 (full 2):
 PSYoungGen      total 176640K, used 4214K [0x00000000e0000000, 0x00000000ec480000, 0x0000000100000000)
  eden space 172032K, 0% used [0x00000000e0000000,0x00000000e0000000,0x00000000ea800000)
  from space 4608K, 91% used [0x00000000ec000000,0x00000000ec41dba8,0x00000000ec480000)
  to   space 11776K, 0% used [0x00000000ead80000,0x00000000ead80000,0x00000000eb900000)
 ParOldGen       total 87552K, used 12674K [0x00000000a0000000, 0x00000000a5580000, 0x00000000e0000000)
  object space 87552K, 14% used [0x00000000a0000000,0x00000000a0c60b88,0x00000000a5580000)
 Metaspace       used 34935K, capacity 35858K, committed 36016K, reserved 1081344K
  class space    used 4622K, capacity 4915K, committed 5040K, reserved 1048576K
}
Event: 9.353 GC heap before
{Heap before GC invocations=15 (full 2):
 PSYoungGen      total 176640K, used 176246K [0x00000000e0000000, 0x00000000ec480000, 0x0000000100000000)
  eden space 172032K, 100% used [0x00000000e0000000,0x00000000ea800000,0x00000000ea800000)
  from space 4608K, 91% used [0x00000000ec000000,0x00000000ec41dba8,0x00000000ec480000)
  to   space 11776K, 0% used [0x00000000ead80000,0x00000000ead80000,0x00000000eb900000)
 ParOldGen       total 87552K, used 12674K [0x00000000a0000000, 0x00000000a5580000, 0x00000000e0000000)
  object space 87552K, 14% used [0x00000000a0000000,0x00000000a0c60b88,0x00000000a5580000)
 Metaspace       used 34938K, capacity 35858K, committed 36016K, reserved 1081344K
  class space    used 4622K, capacity 4915K, committed 5040K, reserved 1048576K
Event: 9.355 GC heap after
Heap after GC invocations=15 (full 2):
 PSYoungGen      total 189440K, used 1152K [0x00000000e0000000, 0x00000000ee600000, 0x0000000100000000)
  eden space 177664K, 0% used [0x00000000e0000000,0x00000000e0000000,0x00000000ead80000)
  from space 11776K, 9% used [0x00000000ead80000,0x00000000eaea0000,0x00000000eb900000)
  to   space 12288K, 0% used [0x00000000eda00000,0x00000000eda00000,0x00000000ee600000)
 ParOldGen       total 87552K, used 12674K [0x00000000a0000000, 0x00000000a5580000, 0x00000000e0000000)
  object space 87552K, 14% used [0x00000000a0000000,0x00000000a0c60b88,0x00000000a5580000)
 Metaspace       used 34938K, capacity 35858K, committed 36016K, reserved 1081344K
  class space    used 4622K, capacity 4915K, committed 5040K, reserved 1048576K
}
Event: 10.248 GC heap before
{Heap before GC invocations=16 (full 2):
 PSYoungGen      total 189440K, used 178816K [0x00000000e0000000, 0x00000000ee600000, 0x0000000100000000)
  eden space 177664K, 100% used [0x00000000e0000000,0x00000000ead80000,0x00000000ead80000)
  from space 11776K, 9% used [0x00000000ead80000,0x00000000eaea0000,0x00000000eb900000)
  to   space 12288K, 0% used [0x00000000eda00000,0x00000000eda00000,0x00000000ee600000)
 ParOldGen       total 87552K, used 12674K [0x00000000a0000000, 0x00000000a5580000, 0x00000000e0000000)
  object space 87552K, 14% used [0x00000000a0000000,0x00000000a0c60b88,0x00000000a5580000)
 Metaspace       used 34942K, capacity 35858K, committed 36016K, reserved 1081344K
  class space    used 4622K, capacity 4915K, committed 5040K, reserved 1048576K
Event: 10.252 GC heap after
Heap after GC invocations=16 (full 2):
 PSYoungGen      total 223744K, used 5394K [0x00000000e0000000, 0x00000000ee880000, 0x0000000100000000)
  eden space 211456K, 0% used [0x00000000e0000000,0x00000000e0000000,0x00000000ece80000)
  from space 12288K, 43% used [0x00000000eda00000,0x00000000edf44970,0x00000000ee600000)
  to   space 11776K, 0% used [0x00000000ece80000,0x00000000ece80000,0x00000000eda00000)
 ParOldGen       total 87552K, used 12674K [0x00000000a0000000, 0x00000000a5580000, 0x00000000e0000000)
  object space 87552K, 14% used [0x00000000a0000000,0x00000000a0c60b88,0x00000000a5580000)
 Metaspace       used 34942K, capacity 35858K, committed 36016K, reserved 1081344K
  class space    used 4622K, capacity 4915K, committed 5040K, reserved 1048576K
}
Event: 12.213 GC heap before
{Heap before GC invocations=17 (full 2):
 PSYoungGen      total 223744K, used 216850K [0x00000000e0000000, 0x00000000ee880000, 0x0000000100000000)
  eden space 211456K, 100% used [0x00000000e0000000,0x00000000ece80000,0x00000000ece80000)
  from space 12288K, 43% used [0x00000000eda00000,0x00000000edf44970,0x00000000ee600000)
  to   space 11776K, 0% used [0x00000000ece80000,0x00000000ece80000,0x00000000eda00000)
 ParOldGen       total 87552K, used 12674K [0x00000000a0000000, 0x00000000a5580000, 0x00000000e0000000)
  object space 87552K, 14% used [0x00000000a0000000,0x00000000a0c60b88,0x00000000a5580000)
 Metaspace       used 45824K, capacity 47156K, committed 47408K, reserved 1089536K
  class space    used 6052K, capacity 6353K, committed 6448K, reserved 1048576K
Event: 12.223 GC heap after
Heap after GC invocations=17 (full 2):
 PSYoungGen      total 223232K, used 11751K [0x00000000e0000000, 0x00000000ee880000, 0x0000000100000000)
  eden space 211456K, 0% used [0x00000000e0000000,0x00000000e0000000,0x00000000ece80000)
  from space 11776K, 99% used [0x00000000ece80000,0x00000000ed9f9da0,0x00000000eda00000)
  to   space 12288K, 0% used [0x00000000eda00000,0x00000000eda00000,0x00000000ee600000)
 ParOldGen       total 87552K, used 16091K [0x00000000a0000000, 0x00000000a5580000, 0x00000000e0000000)
  object space 87552K, 18% used [0x00000000a0000000,0x00000000a0fb6cc8,0x00000000a5580000)
 Metaspace       used 45824K, capacity 47156K, committed 47408K, reserved 1089536K
  class space    used 6052K, capacity 6353K, committed 6448K, reserved 1048576K
}

