# JRE version: OpenJDK Runtime Environment (8.0_242-b01) (build 1.8.0_242-release-1644-b01)
# Java VM: OpenJDK 64-Bit Server VM (25.242-b01 mixed mode windows-amd64 compressed oops)
Heap:
 PSYoungGen      total 136704K, used 11245K [0x00000000e0000000, 0x00000000ed380000, 0x0000000100000000)
  eden space 125440K, 0% used [0x00000000e0000000,0x00000000e0000000,0x00000000e7a80000)
  from space 11264K, 99% used [0x00000000e7a80000,0x00000000e857b710,0x00000000e8580000)
  to   space 13312K, 0% used [0x00000000ec680000,0x00000000ec680000,0x00000000ed380000)
 ParOldGen       total 46592K, used 8256K [0x00000000a0000000, 0x00000000a2d80000, 0x00000000e0000000)
  object space 46592K, 17% used [0x00000000a0000000,0x00000000a0810008,0x00000000a2d80000)
 Metaspace       used 34470K, capacity 35418K, committed 35496K, reserved 1079296K
  class space    used 4692K, capacity 4974K, committed 5032K, reserved 1048576K
GC Heap History (10 events):
Event: 2.662 GC heap after
Heap after GC invocations=6 (full 0):
 PSYoungGen      total 74752K, used 8418K [0x00000000e0000000, 0x00000000e5600000, 0x0000000100000000)
  eden space 64512K, 0% used [0x00000000e0000000,0x00000000e0000000,0x00000000e3f00000)
  from space 10240K, 82% used [0x00000000e4a00000,0x00000000e52388f8,0x00000000e5400000)
  to   space 11264K, 0% used [0x00000000e3f00000,0x00000000e3f00000,0x00000000e4a00000)
 ParOldGen       total 86016K, used 7208K [0x00000000a0000000, 0x00000000a5400000, 0x00000000e0000000)
  object space 86016K, 8% used [0x00000000a0000000,0x00000000a070a258,0x00000000a5400000)
 Metaspace       used 20530K, capacity 21218K, committed 21296K, reserved 1067008K
  class space    used 2883K, capacity 3093K, committed 3120K, reserved 1048576K
}
Event: 2.666 GC heap before
{Heap before GC invocations=7 (full 0):
 PSYoungGen      total 74752K, used 9397K [0x00000000e0000000, 0x00000000e5600000, 0x0000000100000000)
  eden space 64512K, 1% used [0x00000000e0000000,0x00000000e00f4b28,0x00000000e3f00000)
  from space 10240K, 82% used [0x00000000e4a00000,0x00000000e52388f8,0x00000000e5400000)
  to   space 11264K, 0% used [0x00000000e3f00000,0x00000000e3f00000,0x00000000e4a00000)
 ParOldGen       total 86016K, used 7208K [0x00000000a0000000, 0x00000000a5400000, 0x00000000e0000000)
  object space 86016K, 8% used [0x00000000a0000000,0x00000000a070a258,0x00000000a5400000)
 Metaspace       used 20574K, capacity 21218K, committed 21296K, reserved 1067008K
  class space    used 2890K, capacity 3093K, committed 3120K, reserved 1048576K
Event: 2.670 GC heap after
Heap after GC invocations=7 (full 0):
 PSYoungGen      total 75776K, used 4113K [0x00000000e0000000, 0x00000000e9300000, 0x0000000100000000)
  eden space 64512K, 0% used [0x00000000e0000000,0x00000000e0000000,0x00000000e3f00000)
  from space 11264K, 36% used [0x00000000e3f00000,0x00000000e4304468,0x00000000e4a00000)
  to   space 10752K, 0% used [0x00000000e8880000,0x00000000e8880000,0x00000000e9300000)
 ParOldGen       total 86016K, used 9536K [0x00000000a0000000, 0x00000000a5400000, 0x00000000e0000000)
  object space 86016K, 11% used [0x00000000a0000000,0x00000000a09502a8,0x00000000a5400000)
 Metaspace       used 20574K, capacity 21218K, committed 21296K, reserved 1067008K
  class space    used 2890K, capacity 3093K, committed 3120K, reserved 1048576K
}
Event: 2.670 GC heap before
{Heap before GC invocations=8 (full 1):
 PSYoungGen      total 75776K, used 4113K [0x00000000e0000000, 0x00000000e9300000, 0x0000000100000000)
  eden space 64512K, 0% used [0x00000000e0000000,0x00000000e0000000,0x00000000e3f00000)
  from space 11264K, 36% used [0x00000000e3f00000,0x00000000e4304468,0x00000000e4a00000)
  to   space 10752K, 0% used [0x00000000e8880000,0x00000000e8880000,0x00000000e9300000)
 ParOldGen       total 86016K, used 9536K [0x00000000a0000000, 0x00000000a5400000, 0x00000000e0000000)
  object space 86016K, 11% used [0x00000000a0000000,0x00000000a09502a8,0x00000000a5400000)
 Metaspace       used 20574K, capacity 21218K, committed 21296K, reserved 1067008K
  class space    used 2890K, capacity 3093K, committed 3120K, reserved 1048576K
Event: 2.696 GC heap after
Heap after GC invocations=8 (full 1):
 PSYoungGen      total 75776K, used 0K [0x00000000e0000000, 0x00000000e9300000, 0x0000000100000000)
  eden space 64512K, 0% used [0x00000000e0000000,0x00000000e0000000,0x00000000e3f00000)
  from space 11264K, 0% used [0x00000000e3f00000,0x00000000e3f00000,0x00000000e4a00000)
  to   space 10752K, 0% used [0x00000000e8880000,0x00000000e8880000,0x00000000e9300000)
 ParOldGen       total 46592K, used 6995K [0x00000000a0000000, 0x00000000a2d80000, 0x00000000e0000000)
  object space 46592K, 15% used [0x00000000a0000000,0x00000000a06d4d38,0x00000000a2d80000)
 Metaspace       used 20574K, capacity 21218K, committed 21296K, reserved 1067008K
  class space    used 2890K, capacity 3093K, committed 3120K, reserved 1048576K
}
Event: 3.198 GC heap before
{Heap before GC invocations=9 (full 1):
 PSYoungGen      total 75776K, used 64512K [0x00000000e0000000, 0x00000000e9300000, 0x0000000100000000)
  eden space 64512K, 100% used [0x00000000e0000000,0x00000000e3f00000,0x00000000e3f00000)
  from space 11264K, 0% used [0x00000000e3f00000,0x00000000e3f00000,0x00000000e4a00000)
  to   space 10752K, 0% used [0x00000000e8880000,0x00000000e8880000,0x00000000e9300000)
 ParOldGen       total 46592K, used 6995K [0x00000000a0000000, 0x00000000a2d80000, 0x00000000e0000000)
  object space 46592K, 15% used [0x00000000a0000000,0x00000000a06d4d38,0x00000000a2d80000)
 Metaspace       used 28047K, capacity 28740K, committed 28976K, reserved 1075200K
  class space    used 3874K, capacity 4103K, committed 4144K, reserved 1048576K
Event: 3.204 GC heap after
Heap after GC invocations=9 (full 1):
 PSYoungGen      total 131584K, used 7749K [0x00000000e0000000, 0x00000000e9080000, 0x0000000100000000)
  eden space 123392K, 0% used [0x00000000e0000000,0x00000000e0000000,0x00000000e7880000)
  from space 8192K, 94% used [0x00000000e8880000,0x00000000e90114a0,0x00000000e9080000)
  to   space 11264K, 0% used [0x00000000e7a80000,0x00000000e7a80000,0x00000000e8580000)
 ParOldGen       total 46592K, used 7003K [0x00000000a0000000, 0x00000000a2d80000, 0x00000000e0000000)
  object space 46592K, 15% used [0x00000000a0000000,0x00000000a06d6d38,0x00000000a2d80000)
 Metaspace       used 28047K, capacity 28740K, committed 28976K, reserved 1075200K
  class space    used 3874K, capacity 4103K, committed 4144K, reserved 1048576K
}
Event: 4.097 GC heap before
{Heap before GC invocations=10 (full 1):
 PSYoungGen      total 131584K, used 118191K [0x00000000e0000000, 0x00000000e9080000, 0x0000000100000000)
  eden space 123392K, 89% used [0x00000000e0000000,0x00000000e6bdaa28,0x00000000e7880000)
  from space 8192K, 94% used [0x00000000e8880000,0x00000000e90114a0,0x00000000e9080000)
  to   space 11264K, 0% used [0x00000000e7a80000,0x00000000e7a80000,0x00000000e8580000)
 ParOldGen       total 46592K, used 7003K [0x00000000a0000000, 0x00000000a2d80000, 0x00000000e0000000)
  object space 46592K, 15% used [0x00000000a0000000,0x00000000a06d6d38,0x00000000a2d80000)
 Metaspace       used 34470K, capacity 35418K, committed 35496K, reserved 1079296K
  class space    used 4692K, capacity 4974K, committed 5032K, reserved 1048576K
Event: 4.110 GC heap after
Heap after GC invocations=10 (full 1):
 PSYoungGen      total 136704K, used 11245K [0x00000000e0000000, 0x00000000ed380000, 0x0000000100000000)
  eden space 125440K, 0% used [0x00000000e0000000,0x00000000e0000000,0x00000000e7a80000)
  from space 11264K, 99% used [0x00000000e7a80000,0x00000000e857b710,0x00000000e8580000)
  to   space 13312K, 0% used [0x00000000ec680000,0x00000000ec680000,0x00000000ed380000)
 ParOldGen       total 46592K, used 8256K [0x00000000a0000000, 0x00000000a2d80000, 0x00000000e0000000)
  object space 46592K, 17% used [0x00000000a0000000,0x00000000a0810008,0x00000000a2d80000)
 Metaspace       used 34470K, capacity 35418K, committed 35496K, reserved 1079296K
  class space    used 4692K, capacity 4974K, committed 5032K, reserved 1048576K
}
Event: 4.110 GC heap before
{Heap before GC invocations=11 (full 2):
 PSYoungGen      total 136704K, used 11245K [0x00000000e0000000, 0x00000000ed380000, 0x0000000100000000)
  eden space 125440K, 0% used [0x00000000e0000000,0x00000000e0000000,0x00000000e7a80000)
  from space 11264K, 99% used [0x00000000e7a80000,0x00000000e857b710,0x00000000e8580000)
  to   space 13312K, 0% used [0x00000000ec680000,0x00000000ec680000,0x00000000ed380000)
 ParOldGen       total 46592K, used 8256K [0x00000000a0000000, 0x00000000a2d80000, 0x00000000e0000000)
  object space 46592K, 17% used [0x00000000a0000000,0x00000000a0810008,0x00000000a2d80000)
 Metaspace       used 34470K, capacity 35418K, committed 35496K, reserved 1079296K
  class space    used 4692K, capacity 4974K, committed 5032K, reserved 1048576K

