# JRE version: OpenJDK Runtime Environment (8.0_152-b01) (build 1.8.0_152-release-1343-b01)
# Java VM: OpenJDK 64-Bit Server VM (25.152-b01 mixed mode windows-amd64 compressed oops)
Heap:
 PSYoungGen      total 431616K, used 28416K [0x00000000e0000000, 0x0000000100000000, 0x0000000100000000)
  eden space 404992K, 2% used [0x00000000e0000000,0x00000000e0b933f0,0x00000000f8b80000)
  from space 26624K, 62% used [0x00000000f8b80000,0x00000000f9bacd10,0x00000000fa580000)
  to   space 26112K, 0% used [0x00000000fe680000,0x00000000fe680000,0x0000000100000000)
 ParOldGen       total 177664K, used 70512K [0x00000000a0000000, 0x00000000aad80000, 0x00000000e0000000)
  object space 177664K, 39% used [0x00000000a0000000,0x00000000a44dc320,0x00000000aad80000)
 Metaspace       used 94691K, capacity 97960K, committed 99456K, reserved 1136640K
  class space    used 11894K, capacity 12542K, committed 12928K, reserved 1048576K
GC Heap History (10 events):
Event: 1352.927 GC heap before
{Heap before GC invocations=27 (full 4):
 PSYoungGen      total 273408K, used 247808K [0x00000000e0000000, 0x00000000f4a80000, 0x0000000100000000)
  eden space 247808K, 100% used [0x00000000e0000000,0x00000000ef200000,0x00000000ef200000)
  from space 25600K, 0% used [0x00000000f0d00000,0x00000000f0d00000,0x00000000f2600000)
  to   space 27648K, 0% used [0x00000000ef200000,0x00000000ef200000,0x00000000f0d00000)
 ParOldGen       total 177664K, used 64295K [0x00000000a0000000, 0x00000000aad80000, 0x00000000e0000000)
  object space 177664K, 36% used [0x00000000a0000000,0x00000000a3ec9ee0,0x00000000aad80000)
 Metaspace       used 94059K, capacity 97288K, committed 98944K, reserved 1134592K
  class space    used 11883K, capacity 12538K, committed 12928K, reserved 1048576K
Event: 1352.943 GC heap after
Heap after GC invocations=27 (full 4):
 PSYoungGen      total 275456K, used 5592K [0x00000000e0000000, 0x00000000f7b00000, 0x0000000100000000)
  eden space 247808K, 0% used [0x00000000e0000000,0x00000000e0000000,0x00000000ef200000)
  from space 27648K, 20% used [0x00000000ef200000,0x00000000ef776368,0x00000000f0d00000)
  to   space 28160K, 0% used [0x00000000f5f80000,0x00000000f5f80000,0x00000000f7b00000)
 ParOldGen       total 177664K, used 64295K [0x00000000a0000000, 0x00000000aad80000, 0x00000000e0000000)
  object space 177664K, 36% used [0x00000000a0000000,0x00000000a3ec9ee0,0x00000000aad80000)
 Metaspace       used 94059K, capacity 97288K, committed 98944K, reserved 1134592K
  class space    used 11883K, capacity 12538K, committed 12928K, reserved 1048576K
}
Event: 1353.514 GC heap before
{Heap before GC invocations=28 (full 4):
 PSYoungGen      total 275456K, used 253400K [0x00000000e0000000, 0x00000000f7b00000, 0x0000000100000000)
  eden space 247808K, 100% used [0x00000000e0000000,0x00000000ef200000,0x00000000ef200000)
  from space 27648K, 20% used [0x00000000ef200000,0x00000000ef776368,0x00000000f0d00000)
  to   space 28160K, 0% used [0x00000000f5f80000,0x00000000f5f80000,0x00000000f7b00000)
 ParOldGen       total 177664K, used 64295K [0x00000000a0000000, 0x00000000aad80000, 0x00000000e0000000)
  object space 177664K, 36% used [0x00000000a0000000,0x00000000a3ec9ee0,0x00000000aad80000)
 Metaspace       used 94340K, capacity 97594K, committed 99200K, reserved 1136640K
  class space    used 11883K, capacity 12539K, committed 12928K, reserved 1048576K
Event: 1353.543 GC heap after
Heap after GC invocations=28 (full 4):
 PSYoungGen      total 352768K, used 10574K [0x00000000e0000000, 0x00000000f7680000, 0x0000000100000000)
  eden space 329216K, 0% used [0x00000000e0000000,0x00000000e0000000,0x00000000f4180000)
  from space 23552K, 44% used [0x00000000f5f80000,0x00000000f69d3878,0x00000000f7680000)
  to   space 27136K, 0% used [0x00000000f4180000,0x00000000f4180000,0x00000000f5c00000)
 ParOldGen       total 177664K, used 64295K [0x00000000a0000000, 0x00000000aad80000, 0x00000000e0000000)
  object space 177664K, 36% used [0x00000000a0000000,0x00000000a3ec9ee0,0x00000000aad80000)
 Metaspace       used 94340K, capacity 97594K, committed 99200K, reserved 1136640K
  class space    used 11883K, capacity 12539K, committed 12928K, reserved 1048576K
}
Event: 1354.166 GC heap before
{Heap before GC invocations=29 (full 4):
 PSYoungGen      total 352768K, used 339790K [0x00000000e0000000, 0x00000000f7680000, 0x0000000100000000)
  eden space 329216K, 100% used [0x00000000e0000000,0x00000000f4180000,0x00000000f4180000)
  from space 23552K, 44% used [0x00000000f5f80000,0x00000000f69d3878,0x00000000f7680000)
  to   space 27136K, 0% used [0x00000000f4180000,0x00000000f4180000,0x00000000f5c00000)
 ParOldGen       total 177664K, used 64295K [0x00000000a0000000, 0x00000000aad80000, 0x00000000e0000000)
  object space 177664K, 36% used [0x00000000a0000000,0x00000000a3ec9ee0,0x00000000aad80000)
 Metaspace       used 94515K, capacity 97802K, committed 99456K, reserved 1136640K
  class space    used 11885K, capacity 12539K, committed 12928K, reserved 1048576K
Event: 1354.216 GC heap after
Heap after GC invocations=29 (full 4):
 PSYoungGen      total 356352K, used 14503K [0x00000000e0000000, 0x00000000fc200000, 0x0000000100000000)
  eden space 329216K, 0% used [0x00000000e0000000,0x00000000e0000000,0x00000000f4180000)
  from space 27136K, 53% used [0x00000000f4180000,0x00000000f4fa9f38,0x00000000f5c00000)
  to   space 26112K, 0% used [0x00000000fa880000,0x00000000fa880000,0x00000000fc200000)
 ParOldGen       total 177664K, used 64295K [0x00000000a0000000, 0x00000000aad80000, 0x00000000e0000000)
  object space 177664K, 36% used [0x00000000a0000000,0x00000000a3ec9ee0,0x00000000aad80000)
 Metaspace       used 94515K, capacity 97802K, committed 99456K, reserved 1136640K
  class space    used 11885K, capacity 12539K, committed 12928K, reserved 1048576K
}
Event: 1355.455 GC heap before
{Heap before GC invocations=30 (full 4):
 PSYoungGen      total 356352K, used 343719K [0x00000000e0000000, 0x00000000fc200000, 0x0000000100000000)
  eden space 329216K, 100% used [0x00000000e0000000,0x00000000f4180000,0x00000000f4180000)
  from space 27136K, 53% used [0x00000000f4180000,0x00000000f4fa9f38,0x00000000f5c00000)
  to   space 26112K, 0% used [0x00000000fa880000,0x00000000fa880000,0x00000000fc200000)
 ParOldGen       total 177664K, used 64295K [0x00000000a0000000, 0x00000000aad80000, 0x00000000e0000000)
  object space 177664K, 36% used [0x00000000a0000000,0x00000000a3ec9ee0,0x00000000aad80000)
 Metaspace       used 94550K, capacity 97874K, committed 99456K, reserved 1136640K
  class space    used 11885K, capacity 12539K, committed 12928K, reserved 1048576K
Event: 1355.487 GC heap after
Heap after GC invocations=30 (full 4):
 PSYoungGen      total 428544K, used 18239K [0x00000000e0000000, 0x00000000fbf80000, 0x0000000100000000)
  eden space 404992K, 0% used [0x00000000e0000000,0x00000000e0000000,0x00000000f8b80000)
  from space 23552K, 77% used [0x00000000fa880000,0x00000000fba4fd20,0x00000000fbf80000)
  to   space 26624K, 0% used [0x00000000f8b80000,0x00000000f8b80000,0x00000000fa580000)
 ParOldGen       total 177664K, used 64303K [0x00000000a0000000, 0x00000000aad80000, 0x00000000e0000000)
  object space 177664K, 36% used [0x00000000a0000000,0x00000000a3ecbee0,0x00000000aad80000)
 Metaspace       used 94550K, capacity 97874K, committed 99456K, reserved 1136640K
  class space    used 11885K, capacity 12539K, committed 12928K, reserved 1048576K
}
Event: 1356.257 GC heap before
{Heap before GC invocations=31 (full 4):
 PSYoungGen      total 428544K, used 423231K [0x00000000e0000000, 0x00000000fbf80000, 0x0000000100000000)
  eden space 404992K, 100% used [0x00000000e0000000,0x00000000f8b80000,0x00000000f8b80000)
  from space 23552K, 77% used [0x00000000fa880000,0x00000000fba4fd20,0x00000000fbf80000)
  to   space 26624K, 0% used [0x00000000f8b80000,0x00000000f8b80000,0x00000000fa580000)
 ParOldGen       total 177664K, used 64303K [0x00000000a0000000, 0x00000000aad80000, 0x00000000e0000000)
  object space 177664K, 36% used [0x00000000a0000000,0x00000000a3ecbee0,0x00000000aad80000)
 Metaspace       used 94691K, capacity 97960K, committed 99456K, reserved 1136640K
  class space    used 11894K, capacity 12542K, committed 12928K, reserved 1048576K
Event: 1356.500 GC heap after
Heap after GC invocations=31 (full 4):
 PSYoungGen      total 431616K, used 16563K [0x00000000e0000000, 0x0000000100000000, 0x0000000100000000)
  eden space 404992K, 0% used [0x00000000e0000000,0x00000000e0000000,0x00000000f8b80000)
  from space 26624K, 62% used [0x00000000f8b80000,0x00000000f9bacd10,0x00000000fa580000)
  to   space 26112K, 0% used [0x00000000fe680000,0x00000000fe680000,0x0000000100000000)
 ParOldGen       total 177664K, used 70512K [0x00000000a0000000, 0x00000000aad80000, 0x00000000e0000000)
  object space 177664K, 39% used [0x00000000a0000000,0x00000000a44dc320,0x00000000aad80000)
 Metaspace       used 94691K, capacity 97960K, committed 99456K, reserved 1136640K
  class space    used 11894K, capacity 12542K, committed 12928K, reserved 1048576K
}

