# JRE version: OpenJDK Runtime Environment (8.0_242-b01) (build 1.8.0_242-release-1644-b01)
# Java VM: OpenJDK 64-Bit Server VM (25.242-b01 mixed mode windows-amd64 compressed oops)
Heap:
 PSYoungGen      total 135680K, used 95763K [0x00000000e0000000, 0x00000000eb880000, 0x0000000100000000)
  eden space 127488K, 68% used [0x00000000e0000000,0x00000000e5590b98,0x00000000e7c80000)
  from space 8192K, 99% used [0x00000000e8900000,0x00000000e90f40a0,0x00000000e9100000)
  to   space 12800K, 0% used [0x00000000e7c80000,0x00000000e7c80000,0x00000000e8900000)
 ParOldGen       total 71680K, used 18109K [0x00000000a0000000, 0x00000000a4600000, 0x00000000e0000000)
  object space 71680K, 25% used [0x00000000a0000000,0x00000000a11af5c8,0x00000000a4600000)
 Metaspace       used 42791K, capacity 43916K, committed 44072K, reserved 1087488K
  class space    used 5573K, capacity 5865K, committed 5936K, reserved 1048576K
GC Heap History (10 events):
Event: 2.387 GC heap before
{Heap before GC invocations=8 (full 1):
 PSYoungGen      total 75776K, used 3924K [0x00000000e0000000, 0x00000000e9400000, 0x0000000100000000)
  eden space 64512K, 0% used [0x00000000e0000000,0x00000000e0000000,0x00000000e3f00000)
  from space 11264K, 34% used [0x00000000e3f00000,0x00000000e42d5040,0x00000000e4a00000)
  to   space 11264K, 0% used [0x00000000e8900000,0x00000000e8900000,0x00000000e9400000)
 ParOldGen       total 86016K, used 9643K [0x00000000a0000000, 0x00000000a5400000, 0x00000000e0000000)
  object space 86016K, 11% used [0x00000000a0000000,0x00000000a096aff0,0x00000000a5400000)
 Metaspace       used 20692K, capacity 21256K, committed 21296K, reserved 1067008K
  class space    used 2905K, capacity 3116K, committed 3120K, reserved 1048576K
Event: 2.413 GC heap after
Heap after GC invocations=8 (full 1):
 PSYoungGen      total 75776K, used 0K [0x00000000e0000000, 0x00000000e9400000, 0x0000000100000000)
  eden space 64512K, 0% used [0x00000000e0000000,0x00000000e0000000,0x00000000e3f00000)
  from space 11264K, 0% used [0x00000000e3f00000,0x00000000e3f00000,0x00000000e4a00000)
  to   space 11264K, 0% used [0x00000000e8900000,0x00000000e8900000,0x00000000e9400000)
 ParOldGen       total 47616K, used 6928K [0x00000000a0000000, 0x00000000a2e80000, 0x00000000e0000000)
  object space 47616K, 14% used [0x00000000a0000000,0x00000000a06c4148,0x00000000a2e80000)
 Metaspace       used 20692K, capacity 21256K, committed 21296K, reserved 1067008K
  class space    used 2905K, capacity 3116K, committed 3120K, reserved 1048576K
}
Event: 2.942 GC heap before
{Heap before GC invocations=9 (full 1):
 PSYoungGen      total 75776K, used 64505K [0x00000000e0000000, 0x00000000e9400000, 0x0000000100000000)
  eden space 64512K, 99% used [0x00000000e0000000,0x00000000e3efe430,0x00000000e3f00000)
  from space 11264K, 0% used [0x00000000e3f00000,0x00000000e3f00000,0x00000000e4a00000)
  to   space 11264K, 0% used [0x00000000e8900000,0x00000000e8900000,0x00000000e9400000)
 ParOldGen       total 47616K, used 6928K [0x00000000a0000000, 0x00000000a2e80000, 0x00000000e0000000)
  object space 47616K, 14% used [0x00000000a0000000,0x00000000a06c4148,0x00000000a2e80000)
 Metaspace       used 28197K, capacity 28848K, committed 28976K, reserved 1075200K
  class space    used 3895K, capacity 4127K, committed 4144K, reserved 1048576K
Event: 2.952 GC heap after
Heap after GC invocations=9 (full 1):
 PSYoungGen      total 129024K, used 8173K [0x00000000e0000000, 0x00000000e9100000, 0x0000000100000000)
  eden space 120832K, 0% used [0x00000000e0000000,0x00000000e0000000,0x00000000e7600000)
  from space 8192K, 99% used [0x00000000e8900000,0x00000000e90fb698,0x00000000e9100000)
  to   space 11264K, 0% used [0x00000000e7b00000,0x00000000e7b00000,0x00000000e8600000)
 ParOldGen       total 47616K, used 6936K [0x00000000a0000000, 0x00000000a2e80000, 0x00000000e0000000)
  object space 47616K, 14% used [0x00000000a0000000,0x00000000a06c6148,0x00000000a2e80000)
 Metaspace       used 28197K, capacity 28848K, committed 28976K, reserved 1075200K
  class space    used 3895K, capacity 4127K, committed 4144K, reserved 1048576K
}
Event: 3.809 GC heap before
{Heap before GC invocations=10 (full 1):
 PSYoungGen      total 129024K, used 124702K [0x00000000e0000000, 0x00000000e9100000, 0x0000000100000000)
  eden space 120832K, 96% used [0x00000000e0000000,0x00000000e71cc428,0x00000000e7600000)
  from space 8192K, 99% used [0x00000000e8900000,0x00000000e90fb698,0x00000000e9100000)
  to   space 11264K, 0% used [0x00000000e7b00000,0x00000000e7b00000,0x00000000e8600000)
 ParOldGen       total 47616K, used 6936K [0x00000000a0000000, 0x00000000a2e80000, 0x00000000e0000000)
  object space 47616K, 14% used [0x00000000a0000000,0x00000000a06c6148,0x00000000a2e80000)
 Metaspace       used 34602K, capacity 35414K, committed 35496K, reserved 1079296K
  class space    used 4749K, capacity 4972K, committed 5040K, reserved 1048576K
Event: 3.820 GC heap after
Heap after GC invocations=10 (full 1):
 PSYoungGen      total 132096K, used 11252K [0x00000000e0000000, 0x00000000e9100000, 0x0000000100000000)
  eden space 120832K, 0% used [0x00000000e0000000,0x00000000e0000000,0x00000000e7600000)
  from space 11264K, 99% used [0x00000000e7b00000,0x00000000e85fd188,0x00000000e8600000)
  to   space 8192K, 0% used [0x00000000e8900000,0x00000000e8900000,0x00000000e9100000)
 ParOldGen       total 47616K, used 7437K [0x00000000a0000000, 0x00000000a2e80000, 0x00000000e0000000)
  object space 47616K, 15% used [0x00000000a0000000,0x00000000a0743408,0x00000000a2e80000)
 Metaspace       used 34602K, capacity 35414K, committed 35496K, reserved 1079296K
  class space    used 4749K, capacity 4972K, committed 5040K, reserved 1048576K
}
Event: 3.820 GC heap before
{Heap before GC invocations=11 (full 2):
 PSYoungGen      total 132096K, used 11252K [0x00000000e0000000, 0x00000000e9100000, 0x0000000100000000)
  eden space 120832K, 0% used [0x00000000e0000000,0x00000000e0000000,0x00000000e7600000)
  from space 11264K, 99% used [0x00000000e7b00000,0x00000000e85fd188,0x00000000e8600000)
  to   space 8192K, 0% used [0x00000000e8900000,0x00000000e8900000,0x00000000e9100000)
 ParOldGen       total 47616K, used 7437K [0x00000000a0000000, 0x00000000a2e80000, 0x00000000e0000000)
  object space 47616K, 15% used [0x00000000a0000000,0x00000000a0743408,0x00000000a2e80000)
 Metaspace       used 34602K, capacity 35414K, committed 35496K, reserved 1079296K
  class space    used 4749K, capacity 4972K, committed 5040K, reserved 1048576K
Event: 3.894 GC heap after
Heap after GC invocations=11 (full 2):
 PSYoungGen      total 132096K, used 0K [0x00000000e0000000, 0x00000000e9100000, 0x0000000100000000)
  eden space 120832K, 0% used [0x00000000e0000000,0x00000000e0000000,0x00000000e7600000)
  from space 11264K, 0% used [0x00000000e7b00000,0x00000000e7b00000,0x00000000e8600000)
  to   space 8192K, 0% used [0x00000000e8900000,0x00000000e8900000,0x00000000e9100000)
 ParOldGen       total 71680K, used 18029K [0x00000000a0000000, 0x00000000a4600000, 0x00000000e0000000)
  object space 71680K, 25% used [0x00000000a0000000,0x00000000a119b5b8,0x00000000a4600000)
 Metaspace       used 34602K, capacity 35414K, committed 35496K, reserved 1079296K
  class space    used 4749K, capacity 4972K, committed 5040K, reserved 1048576K
}
Event: 7.063 GC heap before
{Heap before GC invocations=12 (full 2):
 PSYoungGen      total 132096K, used 120832K [0x00000000e0000000, 0x00000000e9100000, 0x0000000100000000)
  eden space 120832K, 100% used [0x00000000e0000000,0x00000000e7600000,0x00000000e7600000)
  from space 11264K, 0% used [0x00000000e7b00000,0x00000000e7b00000,0x00000000e8600000)
  to   space 8192K, 0% used [0x00000000e8900000,0x00000000e8900000,0x00000000e9100000)
 ParOldGen       total 71680K, used 18029K [0x00000000a0000000, 0x00000000a4600000, 0x00000000e0000000)
  object space 71680K, 25% used [0x00000000a0000000,0x00000000a119b5b8,0x00000000a4600000)
 Metaspace       used 42054K, capacity 43092K, committed 43176K, reserved 1087488K
  class space    used 5494K, capacity 5765K, committed 5808K, reserved 1048576K
Event: 7.069 GC heap after
Heap after GC invocations=12 (full 2):
 PSYoungGen      total 135680K, used 8144K [0x00000000e0000000, 0x00000000eb880000, 0x0000000100000000)
  eden space 127488K, 0% used [0x00000000e0000000,0x00000000e0000000,0x00000000e7c80000)
  from space 8192K, 99% used [0x00000000e8900000,0x00000000e90f40a0,0x00000000e9100000)
  to   space 12800K, 0% used [0x00000000e7c80000,0x00000000e7c80000,0x00000000e8900000)
 ParOldGen       total 71680K, used 18109K [0x00000000a0000000, 0x00000000a4600000, 0x00000000e0000000)
  object space 71680K, 25% used [0x00000000a0000000,0x00000000a11af5c8,0x00000000a4600000)
 Metaspace       used 42054K, capacity 43092K, committed 43176K, reserved 1087488K
  class space    used 5494K, capacity 5765K, committed 5808K, reserved 1048576K
}

